<?xml version="1.0" encoding="utf-8"?><testsuites name="pytest tests"><testsuite name="pytest" errors="0" failures="0" skipped="1" tests="5" time="0.782" timestamp="2026-04-25T11:05:50.323856+00:00" hostname="agent-env-fc6404cf-a1b8-4434-9710-c8d0283f1283"><testcase classname="backend.tests.test_iteration5_slots_ist.TestSlotsTodayFilter" name="test_today_slots_are_after_cutoff" time="0.236" /><testcase classname="backend.tests.test_iteration5_slots_ist.TestSlotsTodayFilter" name="test_tomorrow_slots_not_filtered" time="0.109"><skipped type="pytest.skip" message="Tomorrow closed: Closed on this day">/app/backend/tests/test_iteration5_slots_ist.py:63: Tomorrow closed: Closed on this day</skipped></testcase><testcase classname="backend.tests.test_iteration5_slots_ist.TestSlotsTodayFilter" name="test_future_date_full_list" time="0.143" /><testcase classname="backend.tests.test_iteration5_slots_ist.TestSlotsTodayFilter" name="test_yesterday_unaffected" time="0.135" /><testcase classname="backend.tests.test_iteration5_slots_ist.TestSlotsTodayFilter" name="test_invalid_date" time="0.098" /></testsuite></testsuites>