<?xml version="1.0" encoding="utf-8"?><testsuites name="pytest tests"><testsuite name="pytest" errors="0" failures="0" skipped="0" tests="9" time="1.873" timestamp="2026-04-25T06:09:40.770536+00:00" hostname="agent-env-fc6404cf-a1b8-4434-9710-c8d0283f1283"><testcase classname="backend.tests.test_blocked_dates_and_email.TestBlockedDates" name="test_public_blocked_dates_initial_array" time="0.241" /><testcase classname="backend.tests.test_blocked_dates_and_email.TestBlockedDates" name="test_admin_list_requires_auth" time="0.053" /><testcase classname="backend.tests.test_blocked_dates_and_email.TestBlockedDates" name="test_admin_add_requires_auth" time="0.042" /><testcase classname="backend.tests.test_blocked_dates_and_email.TestBlockedDates" name="test_admin_add_blocked_date" time="0.283" /><testcase classname="backend.tests.test_blocked_dates_and_email.TestBlockedDates" name="test_invalid_date_format" time="0.044" /><testcase classname="backend.tests.test_blocked_dates_and_email.TestBlockedDates" name="test_slots_for_blocked_date_is_closed" time="0.088" /><testcase classname="backend.tests.test_blocked_dates_and_email.TestBlockedDates" name="test_upsert_overwrites_reason" time="0.126" /><testcase classname="backend.tests.test_blocked_dates_and_email.TestBlockedDates" name="test_delete_blocked_date" time="0.247" /><testcase classname="backend.tests.test_blocked_dates_and_email.TestEmailOnVerify" name="test_verify_payment_stores_email_id" time="0.689" /></testsuite></testsuites>