<?xml version="1.0" encoding="utf-8"?><testsuites name="pytest tests"><testsuite name="pytest" errors="0" failures="0" skipped="0" tests="24" time="2.625" timestamp="2026-04-25T06:38:18.194659+00:00" hostname="agent-env-fc6404cf-a1b8-4434-9710-c8d0283f1283"><testcase classname="tests.test_backend_api.TestServices" name="test_services_returns_nine" time="0.207" /><testcase classname="tests.test_backend_api.TestServices" name="test_testimonials_returns_eight" time="0.049" /><testcase classname="tests.test_backend_api.TestSlots" name="test_monday_open_with_slots" time="0.051" /><testcase classname="tests.test_backend_api.TestSlots" name="test_sunday_closed" time="0.055" /><testcase classname="tests.test_backend_api.TestSlots" name="test_invalid_date" time="0.043" /><testcase classname="tests.test_backend_api.TestBookings" name="test_live_reading_requires_date_and_slot" time="0.056" /><testcase classname="tests.test_backend_api.TestBookings" name="test_invalid_service_404" time="0.045" /><testcase classname="tests.test_backend_api.TestBookings" name="test_create_order_mock_and_verify_payment" time="0.366" /><testcase classname="tests.test_backend_api.TestBookings" name="test_voice_note_no_schedule_required" time="0.062" /><testcase classname="tests.test_backend_api.TestAdmin" name="test_login_invalid_returns_401" time="0.046" /><testcase classname="tests.test_backend_api.TestAdmin" name="test_login_success" time="0.048" /><testcase classname="tests.test_backend_api.TestAdmin" name="test_bookings_requires_token" time="0.046" /><testcase classname="tests.test_backend_api.TestAdmin" name="test_bookings_with_token" time="0.092" /><testcase classname="tests.test_backend_api.TestAdmin" name="test_stats_requires_token" time="0.043" /><testcase classname="tests.test_backend_api.TestAdmin" name="test_stats_with_token" time="0.046" /><testcase classname="tests.test_blocked_dates_and_email.TestBlockedDates" name="test_public_blocked_dates_initial_array" time="0.100" /><testcase classname="tests.test_blocked_dates_and_email.TestBlockedDates" name="test_admin_list_requires_auth" time="0.040" /><testcase classname="tests.test_blocked_dates_and_email.TestBlockedDates" name="test_admin_add_requires_auth" time="0.042" /><testcase classname="tests.test_blocked_dates_and_email.TestBlockedDates" name="test_admin_add_blocked_date" time="0.368" /><testcase classname="tests.test_blocked_dates_and_email.TestBlockedDates" name="test_invalid_date_format" time="0.042" /><testcase classname="tests.test_blocked_dates_and_email.TestBlockedDates" name="test_slots_for_blocked_date_is_closed" time="0.084" /><testcase classname="tests.test_blocked_dates_and_email.TestBlockedDates" name="test_upsert_overwrites_reason" time="0.123" /><testcase classname="tests.test_blocked_dates_and_email.TestBlockedDates" name="test_delete_blocked_date" time="0.205" /><testcase classname="tests.test_blocked_dates_and_email.TestEmailOnVerify" name="test_verify_payment_stores_email_id" time="0.297" /></testsuite></testsuites>