<?xml version="1.0" encoding="utf-8"?><testsuites name="pytest tests"><testsuite name="pytest" errors="0" failures="0" skipped="0" tests="10" time="2.464" timestamp="2026-04-25T06:38:58.019316+00:00" hostname="agent-env-fc6404cf-a1b8-4434-9710-c8d0283f1283"><testcase classname="tests.test_iteration3_status_and_whatsapp.TestPatchBookingStatus" name="test_patch_without_token_401" time="0.475" /><testcase classname="tests.test_iteration3_status_and_whatsapp.TestPatchBookingStatus" name="test_patch_each_valid_status_persists[pending]" time="0.132" /><testcase classname="tests.test_iteration3_status_and_whatsapp.TestPatchBookingStatus" name="test_patch_each_valid_status_persists[confirmed]" time="0.089" /><testcase classname="tests.test_iteration3_status_and_whatsapp.TestPatchBookingStatus" name="test_patch_each_valid_status_persists[completed]" time="0.085" /><testcase classname="tests.test_iteration3_status_and_whatsapp.TestPatchBookingStatus" name="test_patch_each_valid_status_persists[cancelled]" time="0.089" /><testcase classname="tests.test_iteration3_status_and_whatsapp.TestPatchBookingStatus" name="test_patch_each_valid_status_persists[no_show]" time="0.087" /><testcase classname="tests.test_iteration3_status_and_whatsapp.TestPatchBookingStatus" name="test_patch_invalid_status_400" time="0.043" /><testcase classname="tests.test_iteration3_status_and_whatsapp.TestPatchBookingStatus" name="test_patch_non_existent_404" time="0.044" /><testcase classname="tests.test_iteration3_status_and_whatsapp.TestWhatsAppNoOp" name="test_verify_payment_succeeds_with_placeholder_whatsapp" time="1.303" /><testcase classname="tests.test_iteration3_status_and_whatsapp.TestWhatsAppNoOp" name="test_confirmation_whatsapp_id_not_set_when_unconfigured" time="0.045" /></testsuite></testsuites>