<?xml version="1.0" encoding="utf-8"?><testsuites name="pytest tests"><testsuite name="pytest" errors="0" failures="0" skipped="0" tests="15" time="1.069" timestamp="2026-04-25T05:51:20.606057+00:00" hostname="agent-env-fc6404cf-a1b8-4434-9710-c8d0283f1283"><testcase classname="backend.tests.test_backend_api.TestServices" name="test_services_returns_nine" time="0.263" /><testcase classname="backend.tests.test_backend_api.TestServices" name="test_testimonials_returns_eight" time="0.047" /><testcase classname="backend.tests.test_backend_api.TestSlots" name="test_monday_open_with_slots" time="0.051" /><testcase classname="backend.tests.test_backend_api.TestSlots" name="test_sunday_closed" time="0.044" /><testcase classname="backend.tests.test_backend_api.TestSlots" name="test_invalid_date" time="0.045" /><testcase classname="backend.tests.test_backend_api.TestBookings" name="test_live_reading_requires_date_and_slot" time="0.048" /><testcase classname="backend.tests.test_backend_api.TestBookings" name="test_invalid_service_404" time="0.044" /><testcase classname="backend.tests.test_backend_api.TestBookings" name="test_create_order_mock_and_verify_payment" time="0.104" /><testcase classname="backend.tests.test_backend_api.TestBookings" name="test_voice_note_no_schedule_required" time="0.044" /><testcase classname="backend.tests.test_backend_api.TestAdmin" name="test_login_invalid_returns_401" time="0.043" /><testcase classname="backend.tests.test_backend_api.TestAdmin" name="test_login_success" time="0.042" /><testcase classname="backend.tests.test_backend_api.TestAdmin" name="test_bookings_requires_token" time="0.046" /><testcase classname="backend.tests.test_backend_api.TestAdmin" name="test_bookings_with_token" time="0.084" /><testcase classname="backend.tests.test_backend_api.TestAdmin" name="test_stats_requires_token" time="0.044" /><testcase classname="backend.tests.test_backend_api.TestAdmin" name="test_stats_with_token" time="0.044" /></testsuite></testsuites>